<?xml version="1.0" encoding="UTF-8"?>
<coverage generated="1523360671150" clover="3.2.0">
  <project timestamp="1523360671150" name="All files">
    <metrics statements="5" coveredstatements="5" conditionals="2" coveredconditionals="2" methods="3" coveredmethods="3" elements="10" coveredelements="10" complexity="0" loc="5" ncloc="5" packages="1" files="3" classes="3">
      <file name="alert.jsx" path="/home/paulodemutti/Documents/workspace/pokemon-react/src/template/alert.jsx">
        <metrics statements="1" coveredstatements="1" conditionals="0" coveredconditionals="0" methods="1" coveredmethods="1"/>
        <line num="5" count="1" type="stmt"/>
      </file>
      <file name="if.jsx" path="/home/paulodemutti/Documents/workspace/pokemon-react/src/template/if.jsx">
        <metrics statements="3" coveredstatements="3" conditionals="2" coveredconditionals="2" methods="1" coveredmethods="1"/>
        <line num="4" count="2" type="cond" truecount="2" falsecount="0"/>
        <line num="5" count="1" type="stmt"/>
        <line num="7" count="1" type="stmt"/>
      </file>
      <file name="loading.jsx" path="/home/paulodemutti/Documents/workspace/pokemon-react/src/template/loading.jsx">
        <metrics statements="1" coveredstatements="1" conditionals="0" coveredconditionals="0" methods="1" coveredmethods="1"/>
        <line num="5" count="1" type="stmt"/>
      </file>
    </metrics>
  </project>
</coverage>
