{"/home/paulodemutti/Documents/workspace/pokemon-react/src/template/alert.jsx": {"path":"/home/paulodemutti/Documents/workspace/pokemon-react/src/template/alert.jsx","statementMap":{"0":{"start":{"line":5,"column":2},"end":{"line":9,"column":7}}},"fnMap":{"0":{"name":"(anonymous_0)","decl":{"start":{"line":4,"column":15},"end":{"line":4,"column":16}},"loc":{"start":{"line":5,"column":2},"end":{"line":9,"column":7}},"line":5}},"branchMap":{},"s":{"0":1},"f":{"0":1},"b":{},"_coverageSchema":"332fd63041d2c1bcb487cc26dd0d5f7d97098a6c","hash":"3a15f7610eaa027f73a3cffc6ec703026a4fa656"}
,"/home/paulodemutti/Documents/workspace/pokemon-react/src/template/if.jsx": {"path":"/home/paulodemutti/Documents/workspace/pokemon-react/src/template/if.jsx","statementMap":{"0":{"start":{"line":4,"column":2},"end":{"line":8,"column":3}},"1":{"start":{"line":5,"column":4},"end":{"line":5,"column":39}},"2":{"start":{"line":7,"column":4},"end":{"line":7,"column":19}}},"fnMap":{"0":{"name":"(anonymous_0)","decl":{"start":{"line":3,"column":15},"end":{"line":3,"column":16}},"loc":{"start":{"line":3,"column":24},"end":{"line":9,"column":1}},"line":3}},"branchMap":{"0":{"loc":{"start":{"line":4,"column":2},"end":{"line":8,"column":3}},"type":"if","locations":[{"start":{"line":4,"column":2},"end":{"line":8,"column":3}},{"start":{"line":4,"column":2},"end":{"line":8,"column":3}}],"line":4}},"s":{"0":2,"1":1,"2":1},"f":{"0":2},"b":{"0":[1,1]},"_coverageSchema":"332fd63041d2c1bcb487cc26dd0d5f7d97098a6c","hash":"bff3a7ca9e642e014a9229558fc61f4740fcca66"}
,"/home/paulodemutti/Documents/workspace/pokemon-react/src/template/loading.jsx": {"path":"/home/paulodemutti/Documents/workspace/pokemon-react/src/template/loading.jsx","statementMap":{"0":{"start":{"line":5,"column":2},"end":{"line":11,"column":7}}},"fnMap":{"0":{"name":"(anonymous_0)","decl":{"start":{"line":4,"column":15},"end":{"line":4,"column":16}},"loc":{"start":{"line":5,"column":2},"end":{"line":11,"column":7}},"line":5}},"branchMap":{},"s":{"0":1},"f":{"0":1},"b":{},"_coverageSchema":"332fd63041d2c1bcb487cc26dd0d5f7d97098a6c","hash":"54137fdb99383fbf10af760c7fabc31c07b03f69"}
}
